#
# A fatal error has been detected by the Java Runtime Environment:
#
#  EXCEPTION_ACCESS_VIOLATION (0xc0000005) at pc=0x00007ffae45911ca, pid=6304, tid=5188
#
# JRE version:  (15.0.2+7) (build )
# Java VM: Java HotSpot(TM) 64-Bit Server VM (15.0.2+7-27, mixed mode, sharing, tiered, compressed oops, g1 gc, windows-amd64)
# Problematic frame:
# V  [jvm.dll+0x5e11ca]
#
# No core dump will be written. Minidumps are not enabled by default on client versions of Windows
#
#

---------------  S U M M A R Y ------------

Command Line: -Dapplication.home=C:\Program Files\Java\jdk-15.0.2 -Xms8m -Djdk.module.main=java.base java.base/sun.security.tools.keytool.Main

Host: Intel(R) Core(TM) i3-6100U CPU @ 2.30GHz, 4 cores, 11G,  Windows 10 , 64 bit Build 19041 (10.0.19041.1806)
Time: Tue Jul 26 15:28:10 2022 Eastern Daylight Time elapsed time: 0.053844 seconds (0d 0h 0m 0s)

---------------  T H R E A D  ---------------

Current thread (0x000002479f2d2ab0):  JavaThread "Unknown thread" [_thread_in_vm, id=5188, stack(0x000000f82af00000,0x000000f82b000000)]

Stack: [0x000000f82af00000,0x000000f82b000000],  sp=0x000000f82afff300,  free space=1020k
Native frames: (J=compiled Java code, j=interpreted, Vv=VM code, C=native code)
V  [jvm.dll+0x5e11ca]
V  [jvm.dll+0x33df4c]
V  [jvm.dll+0x707277]
V  [jvm.dll+0x708578]
V  [jvm.dll+0x70552b]
V  [jvm.dll+0x75cad4]
V  [jvm.dll+0x75e148]
V  [jvm.dll+0x3341f1]
V  [jvm.dll+0x73e926]
V  [jvm.dll+0x3b7557]
V  [jvm.dll+0x3b8fe1]
C  [jli.dll+0x52fb]
C  [ucrtbase.dll+0x21bb2]
C  [KERNEL32.DLL+0x17034]
C  [ntdll.dll+0x52651]


siginfo: EXCEPTION_ACCESS_VIOLATION (0xc0000005), reading address 0xffffe385550f56e8


Registers:
RAX=0x0000000000000000, RBX=0x0000000000000000, RCX=0xffffe385550f56e0, RDX=0x000002479f2d2ab0
RSP=0x000000f82afff300, RBP=0x00000008000a07e0, RSI=0x000000080064caa8, RDI=0x000002479f2d2ab0
R8 =0x00000007428051e8, R9 =0x0000000000000003, R10=0x000002479d1599a0, R11=0x000000080064c948
R12=0x000000000000005f, R13=0x000002479f392840, R14=0x0000000004c9e8dc, R15=0x000000080057f260
RIP=0x00007ffae45911ca, EFLAGS=0x0000000000010206

Top of Stack: (sp=0x000000f82afff300)
0x000000f82afff300:   000000080057f260 00000008000a07e0
0x000000f82afff310:   000002479f392840 000002479f2d2ab0
0x000000f82afff320:   000002479f392840 00000008000a07e0
0x000000f82afff330:   000002479f2d2ab0 00007ffae42edf4c
0x000000f82afff340:   000002479f3aea18 0000000000000000
0x000000f82afff350:   000000000000005f 000002479f2d2ab0
0x000000f82afff360:   0000000800059ea8 00000008005ec260
0x000000f82afff370:   0000000000000003 000002479f2d2ab0
0x000000f82afff380:   0000000000000000 00007ffae46b7277
0x000000f82afff390:   00000008000a07e0 0000000000000000
0x000000f82afff3a0:   000002479f2d2ab0 00007ffae4891a96
0x000000f82afff3b0:   000002479f2d2ab0 0000000000000000
0x000000f82afff3c0:   000000f82afff8e8 00007ffae3fb0000
0x000000f82afff3d0:   0000000800401aa0 00007ffae46b8578
0x000000f82afff3e0:   00007ffae4891a96 000002479f2d2ab0
0x000000f82afff3f0:   000000f82afff470 0000000000000044 

Instructions: (pc=0x00007ffae45911ca)
0x00007ffae45910ca:   4d 39 65 00 74 13 48 8b d0 48 8b cf e8 25 78 ab
0x00007ffae45910da:   ff 49 8b cd e8 8d 77 ab ff 48 8b 44 24 50 4c 89
0x00007ffae45910ea:   6f 10 4c 8b 6c 24 58 4c 89 77 18 41 be 10 00 00
0x00007ffae45910fa:   00 48 89 47 20 8b bc 24 28 01 00 00 48 8b 4d 70
0x00007ffae459110a:   48 85 c9 75 05 4d 8b c4 eb 09 ff 15 ee 2e 41 00
0x00007ffae459111a:   4c 8b c0 44 38 25 bc 1e 4a 00 ba 18 00 00 00 74
0x00007ffae459112a:   13 44 38 25 af 1e 4a 00 8b cf 49 0f 45 d6 48 8d
0x00007ffae459113a:   14 8a eb 11 44 38 25 9c 1e 4a 00 8b c7 49 0f 45
0x00007ffae459114a:   d6 48 8d 14 c2 48 8b 0b ff 15 f8 a6 41 00 ff c7
0x00007ffae459115a:   48 ff c6 89 bc 24 28 01 00 00 48 89 74 24 28 49
0x00007ffae459116a:   3b f5 0f 8c be fd ff ff 4c 8b b4 24 10 01 00 00
0x00007ffae459117a:   49 89 1e eb 0b 4c 8b b4 24 10 01 00 00 4d 89 26
0x00007ffae459118a:   48 8d 4c 24 30 e8 1c 33 d3 ff 48 8b ac 24 20 01
0x00007ffae459119a:   00 00 4c 8b ac 24 d0 00 00 00 49 8b c6 48 81 c4
0x00007ffae45911aa:   d8 00 00 00 41 5f 41 5e 41 5c 5f 5e 5b c3 cc cc
0x00007ffae45911ba:   cc cc cc cc cc cc 48 89 5c 24 10 57 48 83 ec 30
0x00007ffae45911ca:   48 8b 41 08 48 8b fa 48 3b 05 18 21 47 00 48 8b
0x00007ffae45911da:   d9 73 12 48 3b 05 04 21 47 00 72 09 48 8b 40 18
0x00007ffae45911ea:   48 8b 08 eb 04 48 8b 48 18 48 85 c9 75 3a 48 89
0x00007ffae45911fa:   5c 24 20 48 8d 54 24 40 48 89 7c 24 28 48 8b 8f
0x00007ffae459120a:   a0 02 00 00 48 89 5c 24 40 e8 f8 b1 a2 ff 4c 8b
0x00007ffae459121a:   c7 48 8d 54 24 20 48 8b cb e8 b8 d4 ff ff 48 8d
0x00007ffae459122a:   4c 24 20 e8 7e 32 d3 ff 48 8b 5c 24 48 48 83 c4
0x00007ffae459123a:   30 5f c3 cc cc cc 48 89 5c 24 10 48 89 6c 24 18
0x00007ffae459124a:   48 89 74 24 20 57 48 83 ec 70 48 8b 41 08 48 8b
0x00007ffae459125a:   f9 48 63 f2 4c 8b 40 08 49 8b 68 18 45 33 c0 41
0x00007ffae459126a:   8d 50 01 8d 4a 17 e8 8b d8 aa ff 48 8b d8 48 85
0x00007ffae459127a:   c0 74 44 89 70 04 48 8b 47 08 0f b7 48 2a 66 89
0x00007ffae459128a:   4b 08 48 8b 47 08 0f b7 48 2c 66 89 4b 0a 48 8b
0x00007ffae459129a:   47 08 0f b6 54 06 38 89 13 81 fa ca 00 00 00 75
0x00007ffae45912aa:   0c 8b d6 48 8b cf e8 1b e5 ff ff 89 03 48 c7 43
0x00007ffae45912ba:   10 00 00 00 00 eb 02 33 db 48 8b 85 70 01 00 00 



---------------  P R O C E S S  ---------------

Threads class SMR info:
_java_thread_list=0x00007ffae4a74ff0, length=0, elements={
}

Java Threads: ( => current thread )

Other Threads:
  0x000002479f316200 GCTaskThread "GC Thread#0" [stack: 0x000000f82b000000,0x000000f82b100000] [id=4136]
  0x000002479f325860 ConcurrentGCThread "G1 Main Marker" [stack: 0x000000f82b100000,0x000000f82b200000] [id=14556]
  0x000002479f327b10 ConcurrentGCThread "G1 Conc#0" [stack: 0x000000f82b200000,0x000000f82b300000] [id=16428]
  0x000002479f341500 ConcurrentGCThread "G1 Refine#0" [stack: 0x000000f82b300000,0x000000f82b400000] [id=17416]
  0x000002479f342010 ConcurrentGCThread "G1 Young RemSet Sampling" [stack: 0x000000f82b400000,0x000000f82b500000] [id=2700]

=>0x000002479f2d2ab0 (exited) JavaThread "Unknown thread" [_thread_in_vm, id=5188, stack(0x000000f82af00000,0x000000f82b000000)]

Threads with active compile tasks:

VM state: not at safepoint (not fully initialized)

VM Mutex/Monitor currently owned by a thread: None

Heap address: 0x0000000742200000, size: 3038 MB, Compressed Oops mode: Zero based, Oop shift amount: 3
CDS archive(s) mapped at: [0x0000000800000000-0x0000000800b50000-0x0000000800b50000), size 11862016, SharedBaseAddress: 0x0000000800000000, ArchiveRelocationMode: 0.
Compressed class space mapped at: 0x0000000800b50000-0x0000000840b50000, size: 1073741824
Narrow klass base: 0x0000000800000000, Narrow klass shift: 3, Narrow klass range: 0x100000000

GC Precious Log:
 CPUs: 4 total, 4 available
 Memory: 12147M
 Large Page Support: Disabled
 NUMA Support: Disabled
 Compressed Oops: Enabled (Zero based)
 Heap Region Size: 2M
 Heap Min Capacity: 8M
 Heap Initial Capacity: 8M
 Heap Max Capacity: 3038M
 Pre-touch: Disabled
 Parallel Workers: 4
 Concurrent Workers: 1
 Concurrent Refinement Workers: 4
 Periodic GC: Disabled

Heap:
 garbage-first heap   total 8192K, used 0K [0x0000000742200000, 0x0000000800000000)
  region size 2048K, 1 young (2048K), 0 survivors (0K)
 Metaspace       used 0K, capacity 0K, committed 0K, reserved 1056768K
  class space    used 0K, capacity 0K, committed 0K, reserved 1048576K

Heap Regions: E=young(eden), S=young(survivor), O=old, HS=humongous(starts), HC=humongous(continues), CS=collection set, F=free, OA=open archive, CA=closed archive, TAMS=top-at-mark-start (previous, next)
|   0|0x0000000742200000, 0x0000000742200000, 0x0000000742400000|  0%| F|  |TAMS 0x0000000742200000, 0x0000000742200000| Untracked 
|   1|0x0000000742400000, 0x0000000742400000, 0x0000000742600000|  0%| F|  |TAMS 0x0000000742400000, 0x0000000742400000| Untracked 
|   2|0x0000000742600000, 0x0000000742600000, 0x0000000742800000|  0%| F|  |TAMS 0x0000000742600000, 0x0000000742600000| Untracked 
|   3|0x0000000742800000, 0x000000074280a3e0, 0x0000000742a00000|  2%| E|  |TAMS 0x0000000742800000, 0x0000000742800000| Complete 

Card table byte_map: [0x00000247b6b00000,0x00000247b70f0000] _byte_map_base: 0x00000247b30ef000

Marking Bits (Prev, Next): (CMBitMap*) 0x000002479f317910, (CMBitMap*) 0x000002479f317950
 Prev Bits: [0x00000247b76e0000, 0x00000247ba658000)
 Next Bits: [0x00000247ba660000, 0x00000247bd5d8000)

GC Heap History (0 events):
No events

Deoptimization events (0 events):
No events

Classes unloaded (0 events):
No events

Classes redefined (0 events):
No events

Internal exceptions (0 events):
No events

Events (1 events):
Event: 0.012 Loaded shared library C:\Program Files\Java\jdk-15.0.2\bin\java.dll


Dynamic libraries:
0x00007ff648a70000 - 0x00007ff648a78000 	C:\Program Files\Java\jdk-15.0.2\bin\keytool.exe
0x00007ffb67710000 - 0x00007ffb67908000 	C:\Windows\SYSTEM32\ntdll.dll
0x00007ffb66020000 - 0x00007ffb660dd000 	C:\Windows\System32\KERNEL32.DLL
0x00007ffb65030000 - 0x00007ffb652fe000 	C:\Windows\System32\KERNELBASE.dll
0x00007ffb65460000 - 0x00007ffb65560000 	C:\Windows\System32\ucrtbase.dll
0x00007ffb5c520000 - 0x00007ffb5c539000 	C:\Program Files\Java\jdk-15.0.2\bin\VCRUNTIME140.dll
0x00007ffb32140000 - 0x00007ffb32158000 	C:\Program Files\Java\jdk-15.0.2\bin\jli.dll
0x00007ffb66110000 - 0x00007ffb661be000 	C:\Windows\System32\ADVAPI32.dll
0x00007ffb65dc0000 - 0x00007ffb65e5e000 	C:\Windows\System32\msvcrt.dll
0x00007ffb673b0000 - 0x00007ffb6744c000 	C:\Windows\System32\sechost.dll
0x00007ffb67080000 - 0x00007ffb671a5000 	C:\Windows\System32\RPCRT4.dll
0x00007ffb65b30000 - 0x00007ffb65cd0000 	C:\Windows\System32\USER32.dll
0x00007ffb64e30000 - 0x00007ffb64e52000 	C:\Windows\System32\win32u.dll
0x00007ffb65ed0000 - 0x00007ffb65efa000 	C:\Windows\System32\GDI32.dll
0x00007ffb65350000 - 0x00007ffb6545b000 	C:\Windows\System32\gdi32full.dll
0x00007ffb64f00000 - 0x00007ffb64f9d000 	C:\Windows\System32\msvcp_win.dll
0x00007ffb53830000 - 0x00007ffb53aca000 	C:\Windows\WinSxS\amd64_microsoft.windows.common-controls_6595b64144ccf1df_6.0.19041.1110_none_60b5254171f9507e\COMCTL32.dll
0x00007ffb59e40000 - 0x00007ffb59e4a000 	C:\Windows\SYSTEM32\VERSION.dll
0x00007ffb660e0000 - 0x00007ffb66110000 	C:\Windows\System32\IMM32.DLL
0x00007ffb5da90000 - 0x00007ffb5da9c000 	C:\Program Files\Java\jdk-15.0.2\bin\vcruntime140_1.dll
0x00007ffb03150000 - 0x00007ffb031e1000 	C:\Program Files\Java\jdk-15.0.2\bin\msvcp140.dll
0x00007ffae3fb0000 - 0x00007ffae4b0e000 	C:\Program Files\Java\jdk-15.0.2\bin\server\jvm.dll
0x00007ffb67070000 - 0x00007ffb67078000 	C:\Windows\System32\PSAPI.DLL
0x00007ffb52ba0000 - 0x00007ffb52bc7000 	C:\Windows\SYSTEM32\WINMM.dll
0x00007ffb52700000 - 0x00007ffb52709000 	C:\Windows\SYSTEM32\WSOCK32.dll
0x00007ffb67590000 - 0x00007ffb675fb000 	C:\Windows\System32\WS2_32.dll
0x00007ffb63680000 - 0x00007ffb63692000 	C:\Windows\SYSTEM32\kernel.appcore.dll
0x00007ffb5da30000 - 0x00007ffb5da3a000 	C:\Program Files\Java\jdk-15.0.2\bin\jimage.dll
0x00007ffb63310000 - 0x00007ffb634f4000 	C:\Windows\SYSTEM32\DBGHELP.DLL
0x00007ffb4ff20000 - 0x00007ffb4ff4c000 	C:\Windows\SYSTEM32\dbgcore.DLL
0x00007ffb64fa0000 - 0x00007ffb65022000 	C:\Windows\System32\bcryptPrimitives.dll
0x00007ffb2ff50000 - 0x00007ffb2ff75000 	C:\Program Files\Java\jdk-15.0.2\bin\java.dll

dbghelp: loaded successfully - version: 4.0.5 - missing functions: none
symbol engine: initialized successfully - sym options: 0x614 - pdb path: .;C:\Program Files\Java\jdk-15.0.2\bin;C:\Windows\SYSTEM32;C:\Windows\WinSxS\amd64_microsoft.windows.common-controls_6595b64144ccf1df_6.0.19041.1110_none_60b5254171f9507e;C:\Program Files\Java\jdk-15.0.2\bin\server

VM Arguments:
jvm_args: -Dapplication.home=C:\Program Files\Java\jdk-15.0.2 -Xms8m -Djdk.module.main=java.base 
java_command: java.base/sun.security.tools.keytool.Main
java_class_path (initial): <not set>
Launcher Type: SUN_STANDARD

[Global flags]
     intx CICompilerCount                          = 3                                         {product} {ergonomic}
     uint ConcGCThreads                            = 1                                         {product} {ergonomic}
     uint G1ConcRefinementThreads                  = 4                                         {product} {ergonomic}
   size_t G1HeapRegionSize                         = 2097152                                   {product} {ergonomic}
    uintx GCDrainStackTargetSize                   = 64                                        {product} {ergonomic}
   size_t InitialHeapSize                          = 8388608                                   {product} {command line}
   size_t MarkStackSize                            = 4194304                                   {product} {ergonomic}
   size_t MaxHeapSize                              = 3185573888                                {product} {ergonomic}
   size_t MaxNewSize                               = 1910505472                                {product} {ergonomic}
   size_t MinHeapDeltaBytes                        = 2097152                                   {product} {ergonomic}
   size_t MinHeapSize                              = 8388608                                   {product} {command line}
    uintx NonNMethodCodeHeapSize                   = 5832780                                {pd product} {ergonomic}
    uintx NonProfiledCodeHeapSize                  = 122912730                              {pd product} {ergonomic}
    uintx ProfiledCodeHeapSize                     = 122912730                              {pd product} {ergonomic}
    uintx ReservedCodeCacheSize                    = 251658240                              {pd product} {ergonomic}
     bool SegmentedCodeCache                       = true                                      {product} {ergonomic}
   size_t SoftMaxHeapSize                          = 3185573888                             {manageable} {ergonomic}
     bool UseCompressedClassPointers               = true                                 {lp64_product} {ergonomic}
     bool UseCompressedOops                        = true                                 {lp64_product} {ergonomic}
     bool UseG1GC                                  = true                                      {product} {ergonomic}
     bool UseLargePagesIndividualAllocation        = false                                  {pd product} {ergonomic}

Logging:
Log output configuration:
 #0: stdout all=warning uptime,level,tags
 #1: stderr all=off uptime,level,tags

Environment Variables:
PATH=C:\Program Files (x86)\Common Files\Oracle\Java\javapath;C:\Program Files (x86)\VMware\VMware Workstation\bin\;C:\Python39\Scripts\;C:\Python39\;C:\Windows\system32;C:\Windows;C:\Windows\System32\Wbem;C:\Windows\System32\WindowsPowerShell\v1.0\;C:\Windows\System32\OpenSSH\;C:\Program Files (x86)\Intel\Intel(R) Management Engine Components\DAL;C:\Program Files\Intel\Intel(R) Management Engine Components\DAL;C:\ProgramData\chocolatey\bin;C:\Program Files\Java\jdk-15.0.2\bin;C:\Program Files\Docker\Docker\resources\bin;C:\ProgramData\DockerDesktop\version-bin;C:\platform-tools;C:\msys64\mingw64\bin;C:\Program Files\MATLAB\R2022a\bin;C:\Program Files\MySQL\MySQL Server 8.0\bin;C:\Program Files\nodejs\;C:\Program Files\Wolfram Research\WolframScript\;C:\Users\cyler\AppData\Local\Programs\Python\Python39\Scripts\;C:\Users\cyler\AppData\Local\Programs\Python\Python39\;C:\Users\cyler\AppData\Local\Microsoft\WindowsApps;C:\Users\cyler\AppData\Local\Programs\Microsoft VS Code\bin;C:\Users\cyler\AppData\Local\Programs\Git\cmd;C:\Users\cyler\AppData\Roaming\npm
USERNAME=cyler
OS=Windows_NT
PROCESSOR_IDENTIFIER=Intel64 Family 6 Model 78 Stepping 3, GenuineIntel



---------------  S Y S T E M  ---------------

OS:
 Windows 10 , 64 bit Build 19041 (10.0.19041.1806)
OS uptime: 0 days 0:15 hours
HyperV virtualization detected

CPU: total 4 (initial active 4) (2 cores per cpu, 2 threads per core) family 6 model 78 stepping 3 microcode 0xdc, cmov, cx8, fxsr, mmx, sse, sse2, sse3, ssse3, sse4.1, sse4.2, popcnt, vzeroupper, avx, avx2, aes, clmul, erms, rtm, 3dnowpref, lzcnt, ht, tsc, tscinvbit, bmi1, bmi2, adx, fma, clflush, clflushopt

Memory: 4k page, system-wide physical 12147M (3072M free)
TotalPageFile size 25971M (AvailPageFile size 15004M)
current process WorkingSet (physical memory assigned to process): 13M, peak: 13M
current process commit charge ("private bytes"): 73M, peak: 73M

vm_info: Java HotSpot(TM) 64-Bit Server VM (15.0.2+7-27) for windows-amd64 JRE (15.0.2+7-27), built on Dec  7 2020 20:07:01 by "mach5one" with unknown MS VC++:1925

END.
